Added Component: Designator=AT328P(328)
Add component. Clean all parameters for all variants
Added Pin To Net: NetName=GND Pin=AT328P-4
Added Pin To Net: NetName=NetAT328P_5 Pin=AT328P-5
Added Pin To Net: NetName=NetAT328P_6 Pin=AT328P-6
Added Pin To Net: NetName=NetAT328P_7 Pin=AT328P-7
Added Pin To Net: NetName=NetAT328P_10 Pin=AT328P-10
Added Pin To Net: NetName=NetAT328P_12 Pin=AT328P-12
Added Pin To Net: NetName=NetAT328P_13 Pin=AT328P-13
Added Pin To Net: NetName=NetAT328P_14 Pin=AT328P-14
Added Pin To Net: NetName=NetAT328P_15 Pin=AT328P-15
Added Pin To Net: NetName=NetAT328P_16 Pin=AT328P-16
Added Pin To Net: NetName=NetAT328P_19 Pin=AT328P-19
Added Pin To Net: NetName=NetAT328P_20 Pin=AT328P-20
Added Pin To Net: NetName=NetAT328P_23 Pin=AT328P-23
Added Pin To Net: NetName=NetAT328P_24 Pin=AT328P-24
Added Pin To Net: NetName=NetAT328P_25 Pin=AT328P-25
Added Pin To Net: NetName=GND Pin=AT328P-29
Added Pin To Net: NetName=+5 Pin=AT328P-30
Added Member To Class: ClassName=Sheet1 Member=Component AT328P 328P
Added Room: Name=Sheet1
